# JRE version: OpenJDK Runtime Environment Temurin-21.0.10+7 (21.0.10+7) (build 21.0.10+7-LTS)
# Java VM: OpenJDK 64-Bit Server VM Temurin-21.0.10+7 (21.0.10+7-LTS, mixed mode, sharing, tiered, compressed oops, compressed class ptrs, parallel gc, windows-amd64)
GC Precious Log:
 CardTable entry size: 512
 CPUs: 12 total, 12 available
 Memory: 16087M
 Large Page Support: Disabled
 NUMA Support: Disabled
 Compressed Oops: Enabled (32-bit)
 Alignments: Space 512K, Generation 512K, Heap 2M
 Heap Min Capacity: 100M
 Heap Initial Capacity: 100M
 Heap Max Capacity: 2G
 Pre-touch: Disabled
 Parallel Workers: 10
Heap:
 PSYoungGen      total 3072K, used 858K [0x00000000d5580000, 0x00000000d5980000, 0x0000000100000000)
  eden space 2048K, 26% used [0x00000000d5580000,0x00000000d56069d8,0x00000000d5780000)
  from space 1024K, 31% used [0x00000000d5780000,0x00000000d57d0000,0x00000000d5880000)
  to   space 512K, 0% used [0x00000000d5900000,0x00000000d5900000,0x00000000d5980000)
 ParOldGen       total 1049600K, used 1049493K [0x0000000080000000, 0x00000000c0100000, 0x00000000d5580000)
  object space 1049600K, 99% used [0x0000000080000000,0x00000000c00e5630,0x00000000c0100000)
 Metaspace       used 89598K, committed 91200K, reserved 1179648K
  class space    used 9686K, committed 10432K, reserved 1048576K
GC Heap History (20 events):
Event: 108553.889 GC heap before
{Heap before GC invocations=1418 (full 6):
 PSYoungGen      total 3072K, used 2624K [0x00000000d5580000, 0x00000000d5c00000, 0x0000000100000000)
  eden space 1536K, 100% used [0x00000000d5580000,0x00000000d5700000,0x00000000d5700000)
  from space 1536K, 70% used [0x00000000d5980000,0x00000000d5a90000,0x00000000d5b00000)
  to   space 1024K, 0% used [0x00000000d5b00000,0x00000000d5b00000,0x00000000d5c00000)
 ParOldGen       total 1036800K, used 1036588K [0x0000000080000000, 0x00000000bf480000, 0x00000000d5580000)
  object space 1036800K, 99% used [0x0000000080000000,0x00000000bf44b128,0x00000000bf480000)
 Metaspace       used 89583K, committed 91136K, reserved 1179648K
  class space    used 9686K, committed 10432K, reserved 1048576K
}
Event: 108553.891 GC heap after
{Heap after GC invocations=1418 (full 6):
 PSYoungGen      total 3072K, used 1024K [0x00000000d5580000, 0x00000000d5c80000, 0x0000000100000000)
  eden space 2048K, 0% used [0x00000000d5580000,0x00000000d5580000,0x00000000d5780000)
  from space 1024K, 100% used [0x00000000d5b00000,0x00000000d5c00000,0x00000000d5c00000)
  to   space 2560K, 0% used [0x00000000d5780000,0x00000000d5780000,0x00000000d5a00000)
 ParOldGen       total 1037824K, used 1037628K [0x0000000080000000, 0x00000000bf580000, 0x00000000d5580000)
  object space 1037824K, 99% used [0x0000000080000000,0x00000000bf54f128,0x00000000bf580000)
 Metaspace       used 89583K, committed 91136K, reserved 1179648K
  class space    used 9686K, committed 10432K, reserved 1048576K
}
Event: 108553.896 GC heap before
{Heap before GC invocations=1419 (full 6):
 PSYoungGen      total 3072K, used 3049K [0x00000000d5580000, 0x00000000d5c80000, 0x0000000100000000)
  eden space 2048K, 98% used [0x00000000d5580000,0x00000000d577a5b8,0x00000000d5780000)
  from space 1024K, 100% used [0x00000000d5b00000,0x00000000d5c00000,0x00000000d5c00000)
  to   space 2560K, 0% used [0x00000000d5780000,0x00000000d5780000,0x00000000d5a00000)
 ParOldGen       total 1037824K, used 1037628K [0x0000000080000000, 0x00000000bf580000, 0x00000000d5580000)
  object space 1037824K, 99% used [0x0000000080000000,0x00000000bf54f128,0x00000000bf580000)
 Metaspace       used 89583K, committed 91136K, reserved 1179648K
  class space    used 9686K, committed 10432K, reserved 1048576K
}
Event: 108553.898 GC heap after
{Heap after GC invocations=1419 (full 6):
 PSYoungGen      total 4608K, used 1808K [0x00000000d5580000, 0x00000000d5c00000, 0x0000000100000000)
  eden space 2048K, 0% used [0x00000000d5580000,0x00000000d5580000,0x00000000d5780000)
  from space 2560K, 70% used [0x00000000d5780000,0x00000000d5944000,0x00000000d5a00000)
  to   space 2048K, 0% used [0x00000000d5a00000,0x00000000d5a00000,0x00000000d5c00000)
 ParOldGen       total 1038848K, used 1038668K [0x0000000080000000, 0x00000000bf680000, 0x00000000d5580000)
  object space 1038848K, 99% used [0x0000000080000000,0x00000000bf653128,0x00000000bf680000)
 Metaspace       used 89583K, committed 91136K, reserved 1179648K
  class space    used 9686K, committed 10432K, reserved 1048576K
}
Event: 108553.907 GC heap before
{Heap before GC invocations=1420 (full 6):
 PSYoungGen      total 4608K, used 3855K [0x00000000d5580000, 0x00000000d5c00000, 0x0000000100000000)
  eden space 2048K, 99% used [0x00000000d5580000,0x00000000d577fff0,0x00000000d5780000)
  from space 2560K, 70% used [0x00000000d5780000,0x00000000d5944000,0x00000000d5a00000)
  to   space 2048K, 0% used [0x00000000d5a00000,0x00000000d5a00000,0x00000000d5c00000)
 ParOldGen       total 1038848K, used 1038668K [0x0000000080000000, 0x00000000bf680000, 0x00000000d5580000)
  object space 1038848K, 99% used [0x0000000080000000,0x00000000bf653128,0x00000000bf680000)
 Metaspace       used 89583K, committed 91136K, reserved 1179648K
  class space    used 9686K, committed 10432K, reserved 1048576K
}
Event: 108553.909 GC heap after
{Heap after GC invocations=1420 (full 6):
 PSYoungGen      total 4608K, used 1408K [0x00000000d5580000, 0x00000000d5c00000, 0x0000000100000000)
  eden space 2560K, 0% used [0x00000000d5580000,0x00000000d5580000,0x00000000d5800000)
  from space 2048K, 68% used [0x00000000d5a00000,0x00000000d5b60040,0x00000000d5c00000)
  to   space 2048K, 0% used [0x00000000d5800000,0x00000000d5800000,0x00000000d5a00000)
 ParOldGen       total 1040384K, used 1039996K [0x0000000080000000, 0x00000000bf800000, 0x00000000d5580000)
  object space 1040384K, 99% used [0x0000000080000000,0x00000000bf79f128,0x00000000bf800000)
 Metaspace       used 89583K, committed 91136K, reserved 1179648K
  class space    used 9686K, committed 10432K, reserved 1048576K
}
Event: 108553.913 GC heap before
{Heap before GC invocations=1421 (full 6):
 PSYoungGen      total 4608K, used 3968K [0x00000000d5580000, 0x00000000d5c00000, 0x0000000100000000)
  eden space 2560K, 100% used [0x00000000d5580000,0x00000000d5800000,0x00000000d5800000)
  from space 2048K, 68% used [0x00000000d5a00000,0x00000000d5b60040,0x00000000d5c00000)
  to   space 2048K, 0% used [0x00000000d5800000,0x00000000d5800000,0x00000000d5a00000)
 ParOldGen       total 1040384K, used 1039996K [0x0000000080000000, 0x00000000bf800000, 0x00000000d5580000)
  object space 1040384K, 99% used [0x0000000080000000,0x00000000bf79f128,0x00000000bf800000)
 Metaspace       used 89583K, committed 91136K, reserved 1179648K
  class space    used 9686K, committed 10432K, reserved 1048576K
}
Event: 108553.916 GC heap after
{Heap after GC invocations=1421 (full 6):
 PSYoungGen      total 4608K, used 1971K [0x00000000d5580000, 0x00000000d5d80000, 0x0000000100000000)
  eden space 2560K, 0% used [0x00000000d5580000,0x00000000d5580000,0x00000000d5800000)
  from space 2048K, 96% used [0x00000000d5800000,0x00000000d59ecd40,0x00000000d5a00000)
  to   space 2560K, 0% used [0x00000000d5b00000,0x00000000d5b00000,0x00000000d5d80000)
 ParOldGen       total 1043456K, used 1043292K [0x0000000080000000, 0x00000000bfb00000, 0x00000000d5580000)
  object space 1043456K, 99% used [0x0000000080000000,0x00000000bfad7188,0x00000000bfb00000)
 Metaspace       used 89583K, committed 91136K, reserved 1179648K
  class space    used 9686K, committed 10432K, reserved 1048576K
}
Event: 108553.921 GC heap before
{Heap before GC invocations=1422 (full 6):
 PSYoungGen      total 4608K, used 4519K [0x00000000d5580000, 0x00000000d5d80000, 0x0000000100000000)
  eden space 2560K, 99% used [0x00000000d5580000,0x00000000d57fcf98,0x00000000d5800000)
  from space 2048K, 96% used [0x00000000d5800000,0x00000000d59ecd40,0x00000000d5a00000)
  to   space 2560K, 0% used [0x00000000d5b00000,0x00000000d5b00000,0x00000000d5d80000)
 ParOldGen       total 1043456K, used 1043292K [0x0000000080000000, 0x00000000bfb00000, 0x00000000d5580000)
  object space 1043456K, 99% used [0x0000000080000000,0x00000000bfad7188,0x00000000bfb00000)
 Metaspace       used 89583K, committed 91136K, reserved 1179648K
  class space    used 9686K, committed 10432K, reserved 1048576K
}
Event: 108553.923 GC heap after
{Heap after GC invocations=1422 (full 6):
 PSYoungGen      total 3072K, used 2537K [0x00000000d5580000, 0x00000000d6280000, 0x0000000100000000)
  eden space 512K, 0% used [0x00000000d5580000,0x00000000d5580000,0x00000000d5600000)
  from space 2560K, 99% used [0x00000000d5b00000,0x00000000d5d7a628,0x00000000d5d80000)
  to   space 5120K, 0% used [0x00000000d5600000,0x00000000d5600000,0x00000000d5b00000)
 ParOldGen       total 1045504K, used 1045245K [0x0000000080000000, 0x00000000bfd00000, 0x00000000d5580000)
  object space 1045504K, 99% used [0x0000000080000000,0x00000000bfcbf6c8,0x00000000bfd00000)
 Metaspace       used 89583K, committed 91136K, reserved 1179648K
  class space    used 9686K, committed 10432K, reserved 1048576K
}
Event: 108553.925 GC heap before
{Heap before GC invocations=1423 (full 6):
 PSYoungGen      total 3072K, used 3039K [0x00000000d5580000, 0x00000000d6280000, 0x0000000100000000)
  eden space 512K, 97% used [0x00000000d5580000,0x00000000d55fd6b0,0x00000000d5600000)
  from space 2560K, 99% used [0x00000000d5b00000,0x00000000d5d7a628,0x00000000d5d80000)
  to   space 5120K, 0% used [0x00000000d5600000,0x00000000d5600000,0x00000000d5b00000)
 ParOldGen       total 1045504K, used 1045245K [0x0000000080000000, 0x00000000bfd00000, 0x00000000d5580000)
  object space 1045504K, 99% used [0x0000000080000000,0x00000000bfcbf6c8,0x00000000bfd00000)
 Metaspace       used 89583K, committed 91136K, reserved 1179648K
  class space    used 9686K, committed 10432K, reserved 1048576K
}
Event: 108553.928 GC heap after
{Heap after GC invocations=1423 (full 6):
 PSYoungGen      total 1536K, used 654K [0x00000000d5580000, 0x00000000d5b80000, 0x0000000100000000)
  eden space 512K, 0% used [0x00000000d5580000,0x00000000d5580000,0x00000000d5600000)
  from space 1024K, 63% used [0x00000000d5600000,0x00000000d56a38c8,0x00000000d5700000)
  to   space 2560K, 0% used [0x00000000d5900000,0x00000000d5900000,0x00000000d5b80000)
 ParOldGen       total 1048064K, used 1047644K [0x0000000080000000, 0x00000000bff80000, 0x00000000d5580000)
  object space 1048064K, 99% used [0x0000000080000000,0x00000000bff17108,0x00000000bff80000)
 Metaspace       used 89583K, committed 91136K, reserved 1179648K
  class space    used 9686K, committed 10432K, reserved 1048576K
}
Event: 108553.930 GC heap before
{Heap before GC invocations=1424 (full 6):
 PSYoungGen      total 1536K, used 1110K [0x00000000d5580000, 0x00000000d5b80000, 0x0000000100000000)
  eden space 512K, 89% used [0x00000000d5580000,0x00000000d55f2260,0x00000000d5600000)
  from space 1024K, 63% used [0x00000000d5600000,0x00000000d56a38c8,0x00000000d5700000)
  to   space 2560K, 0% used [0x00000000d5900000,0x00000000d5900000,0x00000000d5b80000)
 ParOldGen       total 1048064K, used 1047644K [0x0000000080000000, 0x00000000bff80000, 0x00000000d5580000)
  object space 1048064K, 99% used [0x0000000080000000,0x00000000bff17108,0x00000000bff80000)
 Metaspace       used 89583K, committed 91136K, reserved 1179648K
  class space    used 9686K, committed 10432K, reserved 1048576K
}
Event: 108553.931 GC heap after
{Heap after GC invocations=1424 (full 6):
 PSYoungGen      total 2048K, used 727K [0x00000000d5580000, 0x00000000d5a00000, 0x0000000100000000)
  eden space 1024K, 0% used [0x00000000d5580000,0x00000000d5580000,0x00000000d5680000)
  from space 1024K, 71% used [0x00000000d5900000,0x00000000d59b5e08,0x00000000d5a00000)
  to   space 1024K, 0% used [0x00000000d5800000,0x00000000d5800000,0x00000000d5900000)
 ParOldGen       total 1048576K, used 1048164K [0x0000000080000000, 0x00000000c0000000, 0x00000000d5580000)
  object space 1048576K, 99% used [0x0000000080000000,0x00000000bff99270,0x00000000c0000000)
 Metaspace       used 89583K, committed 91136K, reserved 1179648K
  class space    used 9686K, committed 10432K, reserved 1048576K
}
Event: 108553.935 GC heap before
{Heap before GC invocations=1425 (full 6):
 PSYoungGen      total 2048K, used 1751K [0x00000000d5580000, 0x00000000d5a00000, 0x0000000100000000)
  eden space 1024K, 100% used [0x00000000d5580000,0x00000000d5680000,0x00000000d5680000)
  from space 1024K, 71% used [0x00000000d5900000,0x00000000d59b5e08,0x00000000d5a00000)
  to   space 1024K, 0% used [0x00000000d5800000,0x00000000d5800000,0x00000000d5900000)
 ParOldGen       total 1048576K, used 1048164K [0x0000000080000000, 0x00000000c0000000, 0x00000000d5580000)
  object space 1048576K, 99% used [0x0000000080000000,0x00000000bff99270,0x00000000c0000000)
 Metaspace       used 89583K, committed 91136K, reserved 1179648K
  class space    used 9686K, committed 10432K, reserved 1048576K
}
Event: 108553.942 GC heap after
{Heap after GC invocations=1425 (full 6):
 PSYoungGen      total 2560K, used 741K [0x00000000d5580000, 0x00000000d5980000, 0x0000000100000000)
  eden space 1536K, 0% used [0x00000000d5580000,0x00000000d5580000,0x00000000d5700000)
  from space 1024K, 72% used [0x00000000d5800000,0x00000000d58b9728,0x00000000d5900000)
  to   space 512K, 0% used [0x00000000d5900000,0x00000000d5900000,0x00000000d5980000)
 ParOldGen       total 1049088K, used 1048670K [0x0000000080000000, 0x00000000c0080000, 0x00000000d5580000)
  object space 1049088K, 99% used [0x0000000080000000,0x00000000c0017b10,0x00000000c0080000)
 Metaspace       used 89583K, committed 91136K, reserved 1179648K
  class space    used 9686K, committed 10432K, reserved 1048576K
}
Event: 108553.955 GC heap before
{Heap before GC invocations=1426 (full 6):
 PSYoungGen      total 2560K, used 2277K [0x00000000d5580000, 0x00000000d5980000, 0x0000000100000000)
  eden space 1536K, 100% used [0x00000000d5580000,0x00000000d5700000,0x00000000d5700000)
  from space 1024K, 72% used [0x00000000d5800000,0x00000000d58b9728,0x00000000d5900000)
  to   space 512K, 0% used [0x00000000d5900000,0x00000000d5900000,0x00000000d5980000)
 ParOldGen       total 1049088K, used 1048670K [0x0000000080000000, 0x00000000c0080000, 0x00000000d5580000)
  object space 1049088K, 99% used [0x0000000080000000,0x00000000c0017b10,0x00000000c0080000)
 Metaspace       used 89583K, committed 91136K, reserved 1179648K
  class space    used 9686K, committed 10432K, reserved 1048576K
}
Event: 108553.963 GC heap after
{Heap after GC invocations=1426 (full 6):
 PSYoungGen      total 2560K, used 512K [0x00000000d5580000, 0x00000000d5980000, 0x0000000100000000)
  eden space 2048K, 0% used [0x00000000d5580000,0x00000000d5580000,0x00000000d5780000)
  from space 512K, 100% used [0x00000000d5900000,0x00000000d5980000,0x00000000d5980000)
  to   space 1024K, 0% used [0x00000000d5780000,0x00000000d5780000,0x00000000d5880000)
 ParOldGen       total 1049600K, used 1049238K [0x0000000080000000, 0x00000000c0100000, 0x00000000d5580000)
  object space 1049600K, 99% used [0x0000000080000000,0x00000000c00a5bc0,0x00000000c0100000)
 Metaspace       used 89583K, committed 91136K, reserved 1179648K
  class space    used 9686K, committed 10432K, reserved 1048576K
}
Event: 144353.441 GC heap before
{Heap before GC invocations=1427 (full 6):
 PSYoungGen      total 2560K, used 2560K [0x00000000d5580000, 0x00000000d5980000, 0x0000000100000000)
  eden space 2048K, 100% used [0x00000000d5580000,0x00000000d5780000,0x00000000d5780000)
  from space 512K, 100% used [0x00000000d5900000,0x00000000d5980000,0x00000000d5980000)
  to   space 1024K, 0% used [0x00000000d5780000,0x00000000d5780000,0x00000000d5880000)
 ParOldGen       total 1049600K, used 1049238K [0x0000000080000000, 0x00000000c0100000, 0x00000000d5580000)
  object space 1049600K, 99% used [0x0000000080000000,0x00000000c00a5bc0,0x00000000c0100000)
 Metaspace       used 89597K, committed 91200K, reserved 1179648K
  class space    used 9686K, committed 10432K, reserved 1048576K
}
Event: 144353.736 GC heap after
{Heap after GC invocations=1427 (full 6):
 PSYoungGen      total 3072K, used 320K [0x00000000d5580000, 0x00000000d5980000, 0x0000000100000000)
  eden space 2048K, 0% used [0x00000000d5580000,0x00000000d5580000,0x00000000d5780000)
  from space 1024K, 31% used [0x00000000d5780000,0x00000000d57d0000,0x00000000d5880000)
  to   space 512K, 0% used [0x00000000d5900000,0x00000000d5900000,0x00000000d5980000)
 ParOldGen       total 1049600K, used 1049493K [0x0000000080000000, 0x00000000c0100000, 0x00000000d5580000)
  object space 1049600K, 99% used [0x0000000080000000,0x00000000c00e5630,0x00000000c0100000)
 Metaspace       used 89597K, committed 91200K, reserved 1179648K
  class space    used 9686K, committed 10432K, reserved 1048576K
}

